<?xml version="1.0" encoding="UTF-8"?>
<!-- Generated by org.testng.reporters.JUnitXMLReporter -->
<testsuite ignored="0" hostname="DESKTOP-ABLIPCS" failures="0" tests="10" name="Surefire test" time="4.424" errors="0" timestamp="2023-06-25T19:18:37 EDT">
  <testcase classname="api.test.DDTests" name="testPostUser" time="1.462"/>
  <testcase classname="api.test.DDTests" name="testPostUser" time="0.167"/>
  <testcase classname="api.test.DDTests" name="testPostUser" time="0.142"/>
  <testcase classname="api.test.DDTests" name="testDeleteUserByName" time="0.154"/>
  <testcase classname="api.test.DDTests" name="testDeleteUserByName" time="0.14"/>
  <testcase classname="api.test.DDTests" name="testDeleteUserByName" time="0.135"/>
  <testcase classname="api.test.UserTests" name="testPostUser" time="0.179"/>
  <testcase classname="api.test.UserTests" name="testGetUserByName" time="0.149"/>
  <testcase classname="api.test.UserTests" name="testUpdateUserByName" time="0.304"/>
  <testcase classname="api.test.UserTests" name="deleteUserByName" time="0.138"/>
</testsuite> <!-- Surefire test -->
