<?xml version="1.0" encoding="UTF-8"?>
<!-- Generated by org.testng.reporters.JUnitXMLReporter -->
<testsuite ignored="0" hostname="DESKTOP-ABLIPCS" failures="0" tests="10" name="Surefire test" time="4.503" errors="0" timestamp="2023-06-27T12:15:54 EDT">
  <testcase classname="api.test.DDTests" name="testPostUser" time="1.453"/>
  <testcase classname="api.test.DDTests" name="testPostUser" time="0.143"/>
  <testcase classname="api.test.DDTests" name="testPostUser" time="0.139"/>
  <testcase classname="api.test.DDTests" name="testDeleteUserByName" time="0.152"/>
  <testcase classname="api.test.DDTests" name="testDeleteUserByName" time="0.134"/>
  <testcase classname="api.test.DDTests" name="testDeleteUserByName" time="0.138"/>
  <testcase classname="api.test.UserTests" name="testPostUser" time="0.163"/>
  <testcase classname="api.test.UserTests" name="testGetUserByName" time="0.134"/>
  <testcase classname="api.test.UserTests" name="testUpdateUserByName" time="0.292"/>
  <testcase classname="api.test.UserTests" name="deleteUserByName" time="0.153"/>
</testsuite> <!-- Surefire test -->
