<?xml version="1.0" encoding="UTF-8"?>
<!-- Generated by org.testng.reporters.JUnitXMLReporter -->
<testsuite ignored="0" hostname="DESKTOP-ABLIPCS" failures="0" tests="4" name="Default test" time="3.014" errors="0" timestamp="2023-06-30T12:53:34 EDT">
  <testcase classname="api.test.UserTests" name="testPostUser" time="1.618"/>
  <testcase classname="api.test.UserTests" name="testGetUserByName" time="0.16"/>
  <testcase classname="api.test.UserTests" name="testUpdateUserByName" time="0.312"/>
  <testcase classname="api.test.UserTests" name="deleteUserByName" time="0.155"/>
</testsuite> <!-- Default test -->
