<?xml version="1.0" encoding="UTF-8"?>
<!-- Generated by org.testng.reporters.JUnitXMLReporter -->
<testsuite ignored="0" hostname="DESKTOP-ABLIPCS" failures="0" tests="14" name="Default test" time="6.113" errors="0" timestamp="2023-06-25T01:35:11 EDT">
  <testcase classname="api.test.UserTests2" name="testPostUser" time="2.434"/>
  <testcase classname="api.test.UserTests2" name="testGetUserByName" time="0.156"/>
  <testcase classname="api.test.UserTests2" name="testUpdateUserByName" time="0.299"/>
  <testcase classname="api.test.UserTests2" name="deleteUserByName" time="0.158"/>
  <testcase classname="api.test.UserTests" name="testPostUser" time="0.136"/>
  <testcase classname="api.test.UserTests" name="testGetUserByName" time="0.136"/>
  <testcase classname="api.test.UserTests" name="testUpdateUserByName" time="0.274"/>
  <testcase classname="api.test.UserTests" name="deleteUserByName" time="0.14"/>
  <testcase classname="api.test.DDTests" name="testPostUser" time="0.141"/>
  <testcase classname="api.test.DDTests" name="testPostUser" time="0.154"/>
  <testcase classname="api.test.DDTests" name="testPostUser" time="0.14"/>
  <testcase classname="api.test.DDTests" name="testDeleteUserByName" time="0.129"/>
  <testcase classname="api.test.DDTests" name="testDeleteUserByName" time="0.129"/>
  <testcase classname="api.test.DDTests" name="testDeleteUserByName" time="0.167"/>
</testsuite> <!-- Default test -->
