<?xml version="1.0" encoding="UTF-8"?>
<testng-results ignored="0" total="4" passed="4" failed="0" skipped="0">
  <reporter-output>
  </reporter-output>
  <suite started-at="2023-06-30T12:54:33 EDT" name="PetSuite" finished-at="2023-06-30T12:54:36 EDT" duration-ms="3062">
    <groups>
    </groups>
    <test started-at="2023-06-30T12:54:33 EDT" name="PetTest" finished-at="2023-06-30T12:54:36 EDT" duration-ms="3062">
      <class name="api.test.UserTests">
        <test-method is-config="true" signature="setupData()[pri:0, instance:api.test.UserTests@45752059]" started-at="2023-06-30T12:54:34 EDT" name="setupData" finished-at="2023-06-30T12:54:34 EDT" duration-ms="561" status="PASS">
          <reporter-output>
          </reporter-output>
        </test-method> <!-- setupData -->
        <test-method signature="testPostUser()[pri:1, instance:api.test.UserTests@45752059]" started-at="2023-06-30T12:54:34 EDT" name="testPostUser" finished-at="2023-06-30T12:54:36 EDT" duration-ms="1639" status="PASS">
          <reporter-output>
          </reporter-output>
        </test-method> <!-- testPostUser -->
        <test-method signature="testGetUserByName()[pri:2, instance:api.test.UserTests@45752059]" started-at="2023-06-30T12:54:36 EDT" name="testGetUserByName" finished-at="2023-06-30T12:54:36 EDT" duration-ms="152" status="PASS">
          <reporter-output>
          </reporter-output>
        </test-method> <!-- testGetUserByName -->
        <test-method signature="testUpdateUserByName()[pri:3, instance:api.test.UserTests@45752059]" started-at="2023-06-30T12:54:36 EDT" name="testUpdateUserByName" finished-at="2023-06-30T12:54:36 EDT" duration-ms="289" status="PASS">
          <reporter-output>
          </reporter-output>
        </test-method> <!-- testUpdateUserByName -->
        <test-method signature="deleteUserByName()[pri:4, instance:api.test.UserTests@45752059]" started-at="2023-06-30T12:54:36 EDT" name="deleteUserByName" finished-at="2023-06-30T12:54:36 EDT" duration-ms="148" status="PASS">
          <reporter-output>
          </reporter-output>
        </test-method> <!-- deleteUserByName -->
      </class> <!-- api.test.UserTests -->
    </test> <!-- PetTest -->
  </suite> <!-- PetSuite -->
</testng-results>
