<?xml version="1.0" encoding="UTF-8"?>
<testng-results ignored="0" total="4" passed="4" failed="0" skipped="0">
  <reporter-output>
  </reporter-output>
  <suite started-at="2023-06-25T19:20:09 EDT" name="PetSuite" finished-at="2023-06-25T19:20:12 EDT" duration-ms="2774">
    <groups>
    </groups>
    <test started-at="2023-06-25T19:20:09 EDT" name="PetTest" finished-at="2023-06-25T19:20:12 EDT" duration-ms="2774">
      <class name="api.test.UserTests">
        <test-method is-config="true" signature="setupData()[pri:0, instance:api.test.UserTests@45752059]" started-at="2023-06-25T19:20:09 EDT" name="setupData" finished-at="2023-06-25T19:20:10 EDT" duration-ms="524" status="PASS">
          <reporter-output>
          </reporter-output>
        </test-method> <!-- setupData -->
        <test-method signature="testPostUser()[pri:1, instance:api.test.UserTests@45752059]" started-at="2023-06-25T19:20:10 EDT" name="testPostUser" finished-at="2023-06-25T19:20:11 EDT" duration-ms="1437" status="PASS">
          <reporter-output>
          </reporter-output>
        </test-method> <!-- testPostUser -->
        <test-method signature="testGetUserByName()[pri:2, instance:api.test.UserTests@45752059]" started-at="2023-06-25T19:20:11 EDT" name="testGetUserByName" finished-at="2023-06-25T19:20:11 EDT" duration-ms="159" status="PASS">
          <reporter-output>
          </reporter-output>
        </test-method> <!-- testGetUserByName -->
        <test-method signature="testUpdateUserByName()[pri:3, instance:api.test.UserTests@45752059]" started-at="2023-06-25T19:20:11 EDT" name="testUpdateUserByName" finished-at="2023-06-25T19:20:12 EDT" duration-ms="306" status="PASS">
          <reporter-output>
          </reporter-output>
        </test-method> <!-- testUpdateUserByName -->
        <test-method signature="deleteUserByName()[pri:4, instance:api.test.UserTests@45752059]" started-at="2023-06-25T19:20:12 EDT" name="deleteUserByName" finished-at="2023-06-25T19:20:12 EDT" duration-ms="140" status="PASS">
          <reporter-output>
          </reporter-output>
        </test-method> <!-- deleteUserByName -->
      </class> <!-- api.test.UserTests -->
    </test> <!-- PetTest -->
  </suite> <!-- PetSuite -->
</testng-results>
