<?xml version="1.0" encoding="UTF-8"?>
<!-- Generated by org.testng.reporters.JUnitReportReporter -->
<testsuite hostname="DESKTOP-ABLIPCS" failures="0" tests="4" name="api.test.UserTests2" time="2.071" errors="0" timestamp="2023-06-27T10:21:52 EDT" skipped="0">
  <testcase classname="api.test.UserTests2" name="testPostUser" time="1.473"/>
  <testcase classname="api.test.UserTests2" name="testGetUserByName" time="0.160"/>
  <testcase classname="api.test.UserTests2" name="testUpdateUserByName" time="0.296"/>
  <testcase classname="api.test.UserTests2" name="deleteUserByName" time="0.142"/>
</testsuite> <!-- api.test.UserTests2 -->
