<?xml version="1.0" encoding="UTF-8"?>
<!-- Generated by org.testng.reporters.JUnitReportReporter -->
<testsuite hostname="DESKTOP-ABLIPCS" failures="0" tests="4" name="api.test.UserTests" time="2.228" errors="0" timestamp="2023-06-30T12:54:37 EDT" skipped="0">
  <testcase classname="api.test.UserTests" name="testPostUser" time="1.639"/>
  <testcase classname="api.test.UserTests" name="testGetUserByName" time="0.152"/>
  <testcase classname="api.test.UserTests" name="testUpdateUserByName" time="0.289"/>
  <testcase classname="api.test.UserTests" name="deleteUserByName" time="0.148"/>
</testsuite> <!-- api.test.UserTests -->
