<?xml version="1.0" encoding="UTF-8"?>
<!-- Generated by org.testng.reporters.JUnitReportReporter -->
<testsuite hostname="DESKTOP-ABLIPCS" failures="0" tests="3" name="Onlinetest.Practice1" time="7.148" errors="0" timestamp="2023-06-29T11:43:59 EDT" skipped="2">
  <testcase classname="Onlinetest.Practice1" name="getBodyDetails" time="7.148"/>
  <testcase classname="Onlinetest.Practice1" name="getRequest">
    <skipped/>
  </testcase> <!-- getRequest -->
  <testcase classname="Onlinetest.Practice1" name="getRequest2">
    <skipped/>
  </testcase> <!-- getRequest2 -->
</testsuite> <!-- Onlinetest.Practice1 -->
