<?xml version="1.0" encoding="UTF-8"?>
<!-- Generated by org.testng.reporters.JUnitReportReporter -->
<testsuite hostname="DESKTOP-ABLIPCS" failures="0" tests="4" name="api.test.UserTests2" time="2.110" errors="0" timestamp="2023-06-25T19:16:34 EDT" skipped="0">
  <testcase classname="api.test.UserTests2" name="testPostUser" time="1.430"/>
  <testcase classname="api.test.UserTests2" name="testGetUserByName" time="0.219"/>
  <testcase classname="api.test.UserTests2" name="testUpdateUserByName" time="0.304"/>
  <testcase classname="api.test.UserTests2" name="deleteUserByName" time="0.157"/>
</testsuite> <!-- api.test.UserTests2 -->
