<?xml version="1.0" encoding="UTF-8"?>
<!-- Generated by org.testng.reporters.JUnitReportReporter -->
<testsuite hostname="DESKTOP-ABLIPCS" failures="0" tests="3" name="Onlinetest.PostAPIUsingPojo" time="1.756" errors="0" timestamp="2023-06-29T22:21:02 EDT" skipped="2">
  <testcase classname="Onlinetest.PostAPIUsingPojo" name="testComplexJson3" time="1.756"/>
  <testcase classname="Onlinetest.PostAPIUsingPojo" name="testComplexJson2">
    <skipped/>
  </testcase> <!-- testComplexJson2 -->
  <testcase classname="Onlinetest.PostAPIUsingPojo" name="testComplexJson1">
    <skipped/>
  </testcase> <!-- testComplexJson1 -->
</testsuite> <!-- Onlinetest.PostAPIUsingPojo -->
