<?xml version="1.0" encoding="UTF-8"?>
<!-- Generated by org.testng.reporters.JUnitReportReporter -->
<testsuite hostname="DESKTOP-ABLIPCS" failures="0" tests="6" name="api.test.DDTests" time="2.327" errors="0" timestamp="2023-07-02T16:37:59 EDT" skipped="0">
  <testcase classname="api.test.DDTests" name="testPostUser" time="0.144"/>
  <testcase classname="api.test.DDTests" name="testPostUser" time="0.157"/>
  <testcase classname="api.test.DDTests" name="testPostUser" time="1.552"/>
  <testcase classname="api.test.DDTests" name="testDeleteUserByName" time="0.134"/>
  <testcase classname="api.test.DDTests" name="testDeleteUserByName" time="0.202"/>
  <testcase classname="api.test.DDTests" name="testDeleteUserByName" time="0.138"/>
</testsuite> <!-- api.test.DDTests -->
