<?xml version="1.0" encoding="UTF-8"?>
<!-- Generated by org.testng.reporters.JUnitReportReporter -->
<testsuite hostname="DESKTOP-ABLIPCS" failures="0" tests="4" name="api.test.UserTests" time="0.770" errors="0" timestamp="2023-06-25T19:18:38 EDT" skipped="0">
  <testcase classname="api.test.UserTests" name="testPostUser" time="0.179"/>
  <testcase classname="api.test.UserTests" name="testGetUserByName" time="0.149"/>
  <testcase classname="api.test.UserTests" name="testUpdateUserByName" time="0.304"/>
  <testcase classname="api.test.UserTests" name="deleteUserByName" time="0.138"/>
</testsuite> <!-- api.test.UserTests -->
