<?xml version="1.0" encoding="UTF-8"?>
<!-- Generated by org.testng.reporters.JUnitReportReporter -->
<testsuite hostname="DESKTOP-ABLIPCS" failures="0" tests="6" name="api.test.DDTests" time="2.200" errors="0" timestamp="2023-06-25T19:18:38 EDT" skipped="0">
  <testcase classname="api.test.DDTests" name="testPostUser" time="0.142"/>
  <testcase classname="api.test.DDTests" name="testPostUser" time="1.462"/>
  <testcase classname="api.test.DDTests" name="testPostUser" time="0.167"/>
  <testcase classname="api.test.DDTests" name="testDeleteUserByName" time="0.135"/>
  <testcase classname="api.test.DDTests" name="testDeleteUserByName" time="0.140"/>
  <testcase classname="api.test.DDTests" name="testDeleteUserByName" time="0.154"/>
</testsuite> <!-- api.test.DDTests -->
