<?xml version="1.0" encoding="UTF-8"?>
<!-- Generated by org.testng.reporters.JUnitReportReporter -->
<testsuite hostname="DESKTOP-ABLIPCS" failures="0" tests="4" name="api.test.UserTests" time="0.742" errors="0" timestamp="2023-06-27T12:15:54 EDT" skipped="0">
  <testcase classname="api.test.UserTests" name="testPostUser" time="0.163"/>
  <testcase classname="api.test.UserTests" name="testGetUserByName" time="0.134"/>
  <testcase classname="api.test.UserTests" name="testUpdateUserByName" time="0.292"/>
  <testcase classname="api.test.UserTests" name="deleteUserByName" time="0.153"/>
</testsuite> <!-- api.test.UserTests -->
