<?xml version="1.0" encoding="UTF-8"?>
<!-- Generated by org.testng.reporters.JUnitXMLReporter -->
<testsuite ignored="0" hostname="DESKTOP-ABLIPCS" failures="0" tests="4" name="PetTest" time="2.774" errors="0" timestamp="2023-06-25T19:20:12 EDT">
  <testcase classname="api.test.UserTests" name="testPostUser" time="1.437"/>
  <testcase classname="api.test.UserTests" name="testGetUserByName" time="0.159"/>
  <testcase classname="api.test.UserTests" name="testUpdateUserByName" time="0.306"/>
  <testcase classname="api.test.UserTests" name="deleteUserByName" time="0.14"/>
</testsuite> <!-- PetTest -->
