<?xml version="1.0" encoding="UTF-8"?>
<!-- Generated by org.testng.reporters.JUnitXMLReporter -->
<testsuite ignored="0" hostname="DESKTOP-ABLIPCS" failures="0" tests="4" name="PetTest" time="3.062" errors="0" timestamp="2023-06-30T12:54:37 EDT">
  <testcase classname="api.test.UserTests" name="testPostUser" time="1.639"/>
  <testcase classname="api.test.UserTests" name="testGetUserByName" time="0.152"/>
  <testcase classname="api.test.UserTests" name="testUpdateUserByName" time="0.289"/>
  <testcase classname="api.test.UserTests" name="deleteUserByName" time="0.148"/>
</testsuite> <!-- PetTest -->
